
Showing logs for build [32mjenkins-x-labs-bot-bdd-gh-15862-fnxbl-1[0m stage [32mfrom-build-pack[0m and container [32mstep-credential-initializer-ffmtj[0m
{"level":"warn","ts":1586239727.6349058,"logger":"fallback-logger","caller":"logging/config.go:69","msg":"Fetch GitHub commit ID from kodata failed: \"ref: refs/heads/0.8.0-**-support-backwards-incompats\" is not a valid GitHub commit ID"}
{"level":"info","ts":1586239727.635546,"logger":"fallback-logger","caller":"creds-init/main.go:40","msg":"Credentials initialized."}

Showing logs for build [32mjenkins-x-labs-bot-bdd-gh-15862-fnxbl-1[0m stage [32mfrom-build-pack[0m and container [32mstep-working-dir-initializer-svzgx[0m
{"level":"warn","ts":1586239728.9323173,"logger":"fallback-logger","caller":"logging/config.go:69","msg":"Fetch GitHub commit ID from kodata failed: open /var/run/ko/HEAD: no such file or directory"}
{"level":"info","ts":1586239728.9338143,"logger":"fallback-logger","caller":"bash/main.go:64","msg":"Successfully executed command \"sh -c mkdir -p /workspace/source\"; output "}

Showing logs for build [32mjenkins-x-labs-bot-bdd-gh-15862-fnxbl-1[0m stage [32mfrom-build-pack[0m and container [32mstep-place-tools[0m

Showing logs for build [32mjenkins-x-labs-bot-bdd-gh-15862-fnxbl-1[0m stage [32mfrom-build-pack[0m and container [32mstep-git-source-jenkins-x-labs-bot-bdd-gh-15862-fnxbl-hq5q4[0m
{"level":"warn","ts":1586239735.1523178,"logger":"fallback-logger","caller":"logging/config.go:69","msg":"Fetch GitHub commit ID from kodata failed: \"ref: refs/heads/0.8.0-**-support-backwards-incompats\" is not a valid GitHub commit ID"}
{"level":"info","ts":1586239736.1861749,"logger":"fallback-logger","caller":"git/git.go:103","msg":"Successfully cloned https://github.com/******************/bdd-gh-1586239252.git @ master in path /workspace/source"}

Showing logs for build [32mjenkins-x-labs-bot-bdd-gh-15862-fnxbl-1[0m stage [32mfrom-build-pack[0m and container [32mstep-git-merge[0m
Using SHAs from PULL_REFS=master:9445c048b7773c53196b4a352f54475c91e42a00,1:a2d0716a907db2fccae008a409d710cbc777a252
DEBUG: JX_LOG_LEVEL=error LC_ALL=C git fetch origin --unshallow a2d0716a907db2fccae008a409d710cbc777a252: 9445c048b7773c53196b4a352f54475c91e42a00:
DEBUG: ran git fetch --unshallow origin a2d0716a907db2fccae008a409d710cbc777a252: 9445c048b7773c53196b4a352f54475c91e42a00: in 
DEBUG: LC_ALL=C JX_LOG_LEVEL=error git branch
DEBUG: LC_ALL=C JX_LOG_LEVEL=error git checkout master
DEBUG: ran git checkout master in 
DEBUG: JX_LOG_LEVEL=error LC_ALL=C git reset --hard 9445c048b7773c53196b4a352f54475c91e42a00
DEBUG: ran git reset --hard 9445c048b7773c53196b4a352f54475c91e42a00 in 
DEBUG: LC_ALL=C JX_LOG_LEVEL=error git clean -fd .
DEBUG: ran clean --force -d . in 
DEBUG: JX_LOG_LEVEL=error LC_ALL=C git merge a2d0716a907db2fccae008a409d710cbc777a252
DEBUG: ran git merge a2d0716a907db2fccae008a409d710cbc777a252 in 
DEBUG: LC_ALL=C JX_LOG_LEVEL=error git log --format=%H%x1f%an%x1f%ae%x1f%cn%x1f%ce%x1f%s%n%b%x1e 9445c048b7773c53196b4a352f54475c91e42a00..HEAD
Merged SHA a2d0716a907db2fccae008a409d710cbc777a252 with commit message 'My first PR commit' into base branch master

Showing logs for build [32mjenkins-x-labs-bot-bdd-gh-15862-fnxbl-1[0m stage [32mfrom-build-pack[0m and container [32mstep-build-make-linux[0m
CGO_ENABLED=0 GOOS=linux GOARCH=amd64 GO15VENDOREXPERIMENT=1 go build -ldflags '' -o bin/bdd-gh-1586239252 main.go

Showing logs for build [32mjenkins-x-labs-bot-bdd-gh-15862-fnxbl-1[0m stage [32mfrom-build-pack[0m and container [32mstep-build-container-build[0m
ERROR: logging before flag.Parse: E0407 06:09:02.961823      12 metadata.go:241] Failed to unmarshal scopes: invalid character 'h' looking for beginning of value
[36mINFO[0m[0000] No base image, nothing to extract            
[36mINFO[0m[0000] cmd: EXPOSE                                  
[36mINFO[0m[0000] Adding exposed port: 8080/tcp                
[36mINFO[0m[0000] Using files from context: [/workspace/source/bin] 
[36mINFO[0m[0000] Skipping unpacking as no commands require it. 
[36mINFO[0m[0000] Taking snapshot of full filesystem...        
[36mINFO[0m[0000] EXPOSE 8080                                  
[36mINFO[0m[0000] cmd: EXPOSE                                  
[36mINFO[0m[0000] Adding exposed port: 8080/tcp                
[36mINFO[0m[0000] No files changed in this command, skipping snapshotting. 
[36mINFO[0m[0000] ENTRYPOINT ["/bdd-gh-1586239252"]            
[36mINFO[0m[0000] No files changed in this command, skipping snapshotting. 
[36mINFO[0m[0000] Using files from context: [/workspace/source/bin] 
[36mINFO[0m[0000] COPY ./bin/ /                                
[36mINFO[0m[0000] Taking snapshot of files...                  
2020/04/07 06:09:06 pushed blob: sha256:7d5d5bfffd7858cedc64c054bbce6f6fafc6d95fd6b83a7ba7da232a45ad7a5c
2020/04/07 06:09:07 pushed blob: sha256:e8a2fd2904ffb26fc0edee26ff66d4e0b00c600707980bfb06698dcfa145b87a
2020/04/07 06:09:08 gcr.io/jenkins-x-labs-bdd/bdd-gh-1586239252:0.0.0-SNAPSHOT-PR-1-1: digest: sha256:ad4134c42ad689c39bf6707b11b74839e2ef1c7f940aa76d3c8123d76108e956 size: 428

Showing logs for build [32mjenkins-x-labs-bot-bdd-gh-15862-fnxbl-1[0m stage [32mfrom-build-pack[0m and container [32mstep-postbuild-post-build[0m
no CVE provider running in the current ** namespace so skip adding image to be analysed

Showing logs for build [32mjenkins-x-labs-bot-bdd-gh-15862-fnxbl-1[0m stage [32mfrom-build-pack[0m and container [32mstep-promote-make-preview[0m
sed -i -e "s/version:.*/version: 0.0.0-SNAPSHOT-PR-1-1/" Chart.yaml
sed -i -e "s/version:.*/version: 0.0.0-SNAPSHOT-PR-1-1/" ../*/Chart.yaml
sed -i -e "s|repository:.*|repository: gcr.io\/jenkins-x-labs-bdd\/bdd-gh-1586239252|" values.yaml
sed -i -e "s/tag:.*/tag: 0.0.0-SNAPSHOT-PR-1-1/" values.yaml
echo "  version: 0.0.0-SNAPSHOT-PR-1-1" >> requirements.yaml
** step helm build
WARNING: No $CHART_REPOSITORY defined so using the default value of: http://jenkins-x-chartmuseum:8080
Adding missing Helm repo: storage.googleapis.com https://storage.googleapis.com/chartmuseum.jenkins-x.io
Successfully added Helm repository storage.googleapis.com.
Adding missing Helm repo: jenkins-x-chartmuseum http://jenkins-x-chartmuseum:8080
Successfully added Helm repository jenkins-x-chartmuseum.
WARNING: No $CHART_REPOSITORY defined so using the default value of: http://jenkins-x-chartmuseum:8080

Showing logs for build [32mjenkins-x-labs-bot-bdd-gh-15862-fnxbl-1[0m stage [32mfrom-build-pack[0m and container [32mstep-promote-jx-preview[0m
Creating a preview
Created environment ******************-bdd-gh-1586239252-pr-1
Namespace **-******************-bdd-gh-1586239252-pr-1 created 
expose:
  Annotations:
    helm.sh/hook: post-install,post-upgrade
    helm.sh/hook-delete-policy: hook-succeeded
  config:
    domain: 104.155.75.140.nip.io
    exposer: Ingress
    http: "true"
preview:
  image:
    repository: gcr.io/jenkins-x-labs-bdd/bdd-gh-1586239252
    tag: 0.0.0-SNAPSHOT-PR-1-1
adding helm values file /workspace/source/charts/preview/**Requirements.values.yaml for namespace **-******************-bdd-gh-1586239252-pr-1
Updating PipelineActivities ******************-bdd-gh-1586239252-pr-1-1 which has status Running
WARNING: preview application http://bdd-gh-1586239252-**-******************-bdd-gh-1586239252-pr-1.104.155.75.140.nip.io not available, error was 503 503 Service Temporarily Unavailable, delaying for: 1.252573036s
WARNING: preview application http://bdd-gh-1586239252-**-******************-bdd-gh-1586239252-pr-1.104.155.75.140.nip.io not available, error was 503 503 Service Temporarily Unavailable, delaying for: 1.795078749s
WARNING: preview application http://bdd-gh-1586239252-**-******************-bdd-gh-1586239252-pr-1.104.155.75.140.nip.io not available, error was 503 503 Service Temporarily Unavailable, delaying for: 1.481238625s
Preview application is now available at: http://bdd-gh-1586239252-**-******************-bdd-gh-1586239252-pr-1.104.155.75.140.nip.io
